{"level":30,"time":1762937429218,"pid":55796,"hostname":"DESKTOP-62DM37A","port":"8002","requireApiKey":false,"corsOrigins":["https://cybersecurity.lu","https://test.cybersecurity.lu","http://localhost:8080","http://localhost:3000"],"msg":"Middleware listening"}
{"level":30,"time":1762937458134,"pid":55796,"hostname":"DESKTOP-62DM37A","requestId":"suaelb","method":"GET","path":"/jobs","query":{"countries":["LU","FR"],"positions":"analyst","seniority":"mid","limit":"20","offset":"0","company":"Acme","q":"threat"},"userAgent":"Mozilla/5.0 (Windows NT 10.0; Win64; x64; rv:145.0) Gecko/20100101 Firefox/145.0","upstreamURL":"https://app.cyberr.ai/backend/api/v1/jobs?countries=LU&countries=FR&positions=analyst&seniority=mid&limit=20&offset=0&company=Acme&q=threat","msg":"Incoming request"}
{"level":30,"time":1762937458134,"pid":55796,"hostname":"DESKTOP-62DM37A","requestId":"suaelb","cacheKey":"https://app.cyberr.ai/backend/api/v1/jobs?countries=LU&countries=FR&positions=analyst&seniority=mid&limit=20&offset=0&company=Acme&q=threat","msg":"Cache miss, fetching upstream"}
{"level":30,"time":1762937458383,"pid":55796,"hostname":"DESKTOP-62DM37A","requestId":"suaelb","upstreamStatus":200,"upstreamStatusText":"OK","upstreamHeaders":{"access-control-allow-credentials":"true","connection":"keep-alive","content-length":"17651","content-type":"application/json; charset=utf-8","date":"Wed, 12 Nov 2025 08:50:58 GMT","etag":"W/\"44f3-KrB2dimJdldZkRpBXriy8HxswcA\"","server":"nginx/1.28.0","vary":"Origin","x-powered-by":"Express"},"msg":"Upstream response received"}
{"level":30,"time":1762937458390,"pid":55796,"hostname":"DESKTOP-62DM37A","requestId":"suaelb","cacheKey":"https://app.cyberr.ai/backend/api/v1/jobs?countries=LU&countries=FR&positions=analyst&seniority=mid&limit=20&offset=0&company=Acme&q=threat","dataSize":17276,"msg":"Data cached"}
{"level":30,"time":1762937458390,"pid":55796,"hostname":"DESKTOP-62DM37A","requestId":"suaelb","status":200,"fromCache":false,"duration":257,"dataSize":17276,"etag":"\"eyJkYXRhIjp7Impv\"","msg":"Request completed successfully"}
{"level":30,"time":1762937464667,"pid":55796,"hostname":"DESKTOP-62DM37A","requestId":"vq2ib","method":"GET","path":"/jobs","query":{"countries":["LU","FR"],"positions":"analyst","seniority":"mid","limit":"20","offset":"0","company":"Acme","q":"threat"},"userAgent":"Mozilla/5.0 (Windows NT 10.0; Win64; x64; rv:145.0) Gecko/20100101 Firefox/145.0","upstreamURL":"https://app.cyberr.ai/backend/api/v1/jobs?countries=LU&countries=FR&positions=analyst&seniority=mid&limit=20&offset=0&company=Acme&q=threat","msg":"Incoming request"}
{"level":30,"time":1762937464668,"pid":55796,"hostname":"DESKTOP-62DM37A","requestId":"vq2ib","cacheKey":"https://app.cyberr.ai/backend/api/v1/jobs?countries=LU&countries=FR&positions=analyst&seniority=mid&limit=20&offset=0&company=Acme&q=threat","msg":"Cache hit"}
{"level":30,"time":1762937464668,"pid":55796,"hostname":"DESKTOP-62DM37A","requestId":"vq2ib","status":200,"fromCache":true,"duration":1,"dataSize":17276,"etag":"\"eyJkYXRhIjp7Impv\"","msg":"Request completed successfully"}
{"level":30,"time":1762937468417,"pid":55796,"hostname":"DESKTOP-62DM37A","requestId":"vb7m3r","method":"GET","path":"/jobs","query":{"countries":"LU"},"userAgent":"Mozilla/5.0 (Windows NT 10.0; Win64; x64; rv:145.0) Gecko/20100101 Firefox/145.0","upstreamURL":"https://app.cyberr.ai/backend/api/v1/jobs?countries=LU","msg":"Incoming request"}
{"level":30,"time":1762937468417,"pid":55796,"hostname":"DESKTOP-62DM37A","requestId":"vb7m3r","cacheKey":"https://app.cyberr.ai/backend/api/v1/jobs?countries=LU","msg":"Cache miss, fetching upstream"}
{"level":30,"time":1762937468553,"pid":55796,"hostname":"DESKTOP-62DM37A","requestId":"vb7m3r","upstreamStatus":200,"upstreamStatusText":"OK","upstreamHeaders":{"access-control-allow-credentials":"true","connection":"keep-alive","content-length":"10121","content-type":"application/json; charset=utf-8","date":"Wed, 12 Nov 2025 08:51:08 GMT","etag":"W/\"2789-YEmEbKORh+VQIgE4dRWiK9/wTAE\"","server":"nginx/1.28.0","vary":"Origin","x-powered-by":"Express"},"msg":"Upstream response received"}
{"level":30,"time":1762937468553,"pid":55796,"hostname":"DESKTOP-62DM37A","requestId":"vb7m3r","cacheKey":"https://app.cyberr.ai/backend/api/v1/jobs?countries=LU","dataSize":10038,"msg":"Data cached"}
{"level":30,"time":1762937468554,"pid":55796,"hostname":"DESKTOP-62DM37A","requestId":"vb7m3r","status":200,"fromCache":false,"duration":137,"dataSize":10038,"etag":"\"eyJkYXRhIjp7Impv\"","msg":"Request completed successfully"}
{"level":30,"time":1762937658044,"pid":55796,"hostname":"DESKTOP-62DM37A","requestId":"adxrvh","method":"GET","path":"/jobs","query":{"countries":"LU"},"userAgent":"Mozilla/5.0 (Windows NT 10.0; Win64; x64; rv:145.0) Gecko/20100101 Firefox/145.0","upstreamURL":"https://app.cyberr.ai/backend/api/v1/jobs?countries=LU","msg":"Incoming request"}
{"level":30,"time":1762937658044,"pid":55796,"hostname":"DESKTOP-62DM37A","requestId":"adxrvh","cacheKey":"https://app.cyberr.ai/backend/api/v1/jobs?countries=LU","msg":"Cache hit"}
{"level":30,"time":1762937658044,"pid":55796,"hostname":"DESKTOP-62DM37A","requestId":"adxrvh","etag":"\"eyJkYXRhIjp7Impv\"","msg":"Returning 304 Not Modified"}
{"level":30,"time":1762937677039,"pid":55796,"hostname":"DESKTOP-62DM37A","requestId":"xp7pm8","method":"GET","path":"/jobs","query":{"countries":"LU"},"userAgent":"Mozilla/5.0 (Windows NT 10.0; Win64; x64; rv:145.0) Gecko/20100101 Firefox/145.0","upstreamURL":"https://app.cyberr.ai/backend/api/v1/jobs?countries=LU","msg":"Incoming request"}
{"level":30,"time":1762937677039,"pid":55796,"hostname":"DESKTOP-62DM37A","requestId":"xp7pm8","cacheKey":"https://app.cyberr.ai/backend/api/v1/jobs?countries=LU","msg":"Cache hit"}
{"level":30,"time":1762937677039,"pid":55796,"hostname":"DESKTOP-62DM37A","requestId":"xp7pm8","etag":"\"eyJkYXRhIjp7Impv\"","msg":"Returning 304 Not Modified"}
{"level":30,"time":1762937682761,"pid":55796,"hostname":"DESKTOP-62DM37A","requestId":"asg1s","method":"GET","path":"/jobs","query":{"countries":"LU"},"userAgent":"Mozilla/5.0 (Windows NT 10.0; Win64; x64; rv:145.0) Gecko/20100101 Firefox/145.0","upstreamURL":"https://app.cyberr.ai/backend/api/v1/jobs?countries=LU","msg":"Incoming request"}
{"level":30,"time":1762937682761,"pid":55796,"hostname":"DESKTOP-62DM37A","requestId":"asg1s","cacheKey":"https://app.cyberr.ai/backend/api/v1/jobs?countries=LU","msg":"Cache hit"}
{"level":30,"time":1762937682762,"pid":55796,"hostname":"DESKTOP-62DM37A","requestId":"asg1s","etag":"\"eyJkYXRhIjp7Impv\"","msg":"Returning 304 Not Modified"}
